<?xml version="1.0" encoding="UTF-8"?>
<!-- Generated by org.testng.reporters.JUnitReportReporter -->
<testsuite hostname="DESKTOP-VU86HJB" failures="0" tests="1" name="utils.Read" time="2.121" errors="0" timestamp="2024-11-07T10:41:09 IST" skipped="0">
  <testcase classname="utils.Read" name="readData" time="2.121"/>
  <system-out/>
</testsuite> <!-- utils.Read -->
