<?xml version="1.0" encoding="UTF-8"?>
<!-- Generated by org.testng.reporters.JUnitReportReporter -->
<testsuite hostname="DESKTOP-VU86HJB" failures="0" tests="1" name="TestCases.testMethods_GoogleSearch" time="0.007" errors="0" timestamp="2023-08-19T18:47:07 IST" skipped="0">
  <testcase classname="TestCases.testMethods_GoogleSearch" name="testExecute" time="0.007"/>
  <system-out/>
</testsuite> <!-- TestCases.testMethods_GoogleSearch -->
