<?xml version="1.0" encoding="UTF-8"?>
<!-- Generated by org.testng.reporters.JUnitReportReporter -->
<testsuite hostname="DESKTOP-VU86HJB" failures="0" tests="2" name="basics.TendableTest" time="16.535" errors="0" timestamp="2024-12-01T14:03:23 IST" skipped="0">
  <testcase classname="basics.TendableTest" name="testMenuAccessibilityAndRequestDemoButton" time="12.631"/>
  <system-out/>
  <testcase classname="basics.TendableTest" name="testContactFormSubmissionWithError" time="3.904"/>
  <system-out/>
</testsuite> <!-- basics.TendableTest -->
