<?xml version="1.0" encoding="UTF-8"?>
<!-- Generated by org.testng.reporters.JUnitReportReporter -->
<testsuite hostname="DESKTOP-VU86HJB" failures="0" tests="1" name="basics.PracticeTestLogIn" time="16.211" errors="0" timestamp="2024-11-07T12:07:03 IST" skipped="0">
  <testcase classname="basics.PracticeTestLogIn" name="user_is_already_on_log_in_page" time="16.211"/>
  <system-out/>
</testsuite> <!-- basics.PracticeTestLogIn -->
