<?xml version="1.0" encoding="UTF-8"?>
<!-- Generated by org.testng.reporters.JUnitReportReporter -->
<testsuite hostname="DESKTOP-VU86HJB" failures="0" tests="2" name="basics.TendableTest" time="13.095" errors="0" timestamp="2024-12-01T13:56:12 IST" skipped="0">
  <testcase classname="basics.TendableTest" name="testMenuAccessibilityAndRequestDemoButton" time="9.452"/>
  <system-out/>
  <testcase classname="basics.TendableTest" name="testContactFormSubmissionWithError" time="3.643"/>
  <system-out/>
</testsuite> <!-- basics.TendableTest -->
