<?xml version="1.0" encoding="UTF-8"?>
<!-- Generated by org.testng.reporters.JUnitReportReporter -->
<testsuite hostname="DESKTOP-VU86HJB" failures="0" tests="1" name="propertyfiles.ReadPropertiesFile" time="19.576" errors="0" timestamp="2024-11-28T11:44:35 IST" skipped="0">
  <testcase classname="propertyfiles.ReadPropertiesFile" name="sampleTest" time="19.576"/>
  <system-out/>
</testsuite> <!-- propertyfiles.ReadPropertiesFile -->
